2025-08-12 04:21:57 | INFO     | USER_ACTION | XNY_USDT | 100% | QTY:448.200000 | PRICE:0.016339 | VALUE:7.32 USDT
2025-08-12 04:27:56 | INFO     | USER_ACTION | XNY_USDT | 100% | QTY:448.200000 | PRICE:0.015903 | VALUE:7.13 USDT
2025-08-12 04:27:58 | INFO     | USER_ACTION | XNY_USDT | 100% | QTY:448.200000 | PRICE:0.015872 | VALUE:7.11 USDT
2025-08-12 04:27:59 | INFO     | USER_ACTION | XNY_USDT | 100% | QTY:448.200000 | PRICE:0.015872 | VALUE:7.11 USDT
2025-08-12 04:28:09 | INFO     | USER_ACTION | XNY_USDT | 100% | QTY:448.200000 | PRICE:0.015872 | VALUE:7.11 USDT
2025-08-12 04:28:25 | INFO     | ORDER_EXEC | ✓ | XNY_USDT | 100% | QTY:448.200000 | PRICE:0.015799 | VALUE:7.08 USDT | ORDER_ID:89396759 | TIME:827ms
2025-08-12 20:25:27 | INFO     | USER_ACTION | XNY_USDT | 100% | QTY:9038.900000 | PRICE:0.017291 | VALUE:156.29 USDT
2025-08-12 20:34:37 | INFO     | ORDER_EXEC | ✓ | XNY_USDT | 100% | QTY:8318.200000 | PRICE:0.016920 | VALUE:140.74 USDT | ORDER_ID:89441230 | TIME:1225ms
2025-08-12 20:51:13 | INFO     | USER_ACTION | XNY_USDT | 25% | QTY:0.000000 | PRICE:0.017276 | VALUE:0.00 USDT
2025-08-12 20:51:36 | ERROR    | ORDER_ERROR | ✗ | XNY_USDT | 25% | ERROR: Saldo XNY insufficiente (0.000000)
2025-08-12 20:51:40 | INFO     | USER_ACTION | XNY_USDT | 25% | QTY:0.000000 | PRICE:0.017350 | VALUE:0.00 USDT
2025-08-12 23:38:42 | INFO     | USER_ACTION | XNY_USDT | 25% | QTY:3816.978775 | PRICE:0.000000 | VALUE:64.35 USDT
2025-08-12 23:50:00 | INFO     | USER_ACTION | XNY_USDT | 25% | QTY:0.014350 | PRICE:0.016987 | VALUE:0.00 USDT
2025-08-12 23:50:07 | INFO     | USER_ACTION | XNY_USDT | 25% | QTY:0.014350 | PRICE:0.016987 | VALUE:0.00 USDT
2025-08-12 23:50:18 | INFO     | USER_ACTION | XNY_USDT | 25% | QTY:3776.658576 | PRICE:0.000000 | VALUE:64.35 USDT
2025-08-12 23:50:20 | INFO     | USER_ACTION | XNY_USDT | 25% | QTY:3776.658576 | PRICE:0.000000 | VALUE:64.35 USDT
2025-08-12 23:50:21 | INFO     | USER_ACTION | XNY_USDT | 25% | QTY:3776.658576 | PRICE:0.000000 | VALUE:64.35 USDT
2025-08-12 23:50:22 | INFO     | USER_ACTION | XNY_USDT | 25% | QTY:3776.658576 | PRICE:0.000000 | VALUE:64.35 USDT
2025-08-12 23:50:23 | INFO     | USER_ACTION | XNY_USDT | 25% | QTY:3776.658576 | PRICE:0.000000 | VALUE:64.35 USDT
2025-08-12 23:50:24 | INFO     | USER_ACTION | XNY_USDT | 25% | QTY:3776.658576 | PRICE:0.000000 | VALUE:64.35 USDT
2025-08-12 23:50:25 | INFO     | USER_ACTION | XNY_USDT | 25% | QTY:3776.658576 | PRICE:0.000000 | VALUE:64.35 USDT
2025-08-12 23:50:25 | INFO     | USER_ACTION | XNY_USDT | 25% | QTY:3776.658576 | PRICE:0.000000 | VALUE:64.35 USDT
2025-08-12 23:50:27 | INFO     | USER_ACTION | XNY_USDT | 25% | QTY:3776.658576 | PRICE:0.000000 | VALUE:64.35 USDT
2025-08-12 23:50:28 | INFO     | USER_ACTION | XNY_USDT | 25% | QTY:3776.658576 | PRICE:0.000000 | VALUE:64.35 USDT
2025-08-12 23:50:29 | INFO     | USER_ACTION | XNY_USDT | 25% | QTY:3776.658576 | PRICE:0.000000 | VALUE:64.35 USDT
2025-08-13 00:01:25 | INFO     | USER_ACTION | CRO_USDT | 25% | QTY:386.860608 | PRICE:0.000000 | VALUE:64.35 USDT
2025-08-13 00:01:32 | INFO     | ORDER_EXEC | ✓ | CRO_USDT | 25% | QTY:386.837354 | PRICE:0.166360 | VALUE:64.35 USDT | ORDER_ID:89450180 | TIME:558ms
