2025-08-11 22:18:01,385 | INFO | Dati portafoglio recuperati dall'API:
2025-08-11 22:18:01,385 | INFO |    Saldo attuale: 753.500000
2025-08-11 22:18:01,385 | INFO |    Tranche attive: 4 di 78 totali
2025-08-11 22:18:01,386 | INFO |    Capitale investito (tranche attive): 101.93 USDT
2025-08-11 22:18:01,386 | INFO |    Solo le tranche che compongono il 100% del saldo attuale
2025-08-11 22:27:40,602 | INFO | 
➕ AGGIUNGI COIN A WALLET
2025-08-11 22:27:40,602 | INFO | ==============================
2025-08-11 22:27:40,602 | INFO | 💡 Inserisci il simbolo della coin senza '_USDT'
2025-08-11 22:27:40,602 | INFO | 💡 Esempio: BTC, ETH, ADA, SOL, etc.
2025-08-11 22:27:40,602 | INFO | 
2025-08-11 22:27:43,066 | INFO | 🔍 Verifico disponibilità di OG_USDT su Gate.io...
2025-08-11 22:27:44,419 | INFO | ✅ OG_USDT trovata e disponibile!
2025-08-11 22:27:44,420 | INFO | 💰 Prezzo attuale: 13.03000000 USDT
2025-08-11 22:27:48,929 | INFO | Usando dati manuali (API non disponibile)
2025-08-11 22:40:44,762 | INFO | Dati portafoglio recuperati dall'API:
2025-08-11 22:40:44,762 | INFO |    Saldo attuale: 753.500000
2025-08-11 22:40:44,762 | INFO |    Tranche attive: 4 di 78 totali
2025-08-11 22:40:44,762 | INFO |    Capitale investito (tranche attive): 101.93 USDT
2025-08-11 22:40:44,762 | INFO |    Solo le tranche che compongono il 100% del saldo attuale
2025-08-11 22:46:03,572 | INFO | Dati portafoglio recuperati dall'API:
2025-08-11 22:46:03,572 | INFO |    Saldo attuale: 753.500000
2025-08-11 22:46:03,572 | INFO |    Tranche attive: 4 di 78 totali
2025-08-11 22:46:03,572 | INFO |    Capitale investito (tranche attive): 101.93 USDT
2025-08-11 22:46:03,572 | INFO |    Solo le tranche che compongono il 100% del saldo attuale
2025-08-11 22:47:13,689 | INFO | Dati portafoglio recuperati dall'API:
2025-08-11 22:47:13,689 | INFO |    Saldo attuale: 5408.900000
2025-08-11 22:47:13,689 | INFO |    Tranche attive: 2 di 5 totali
2025-08-11 22:47:13,689 | INFO |    Capitale investito (tranche attive): 79.20 USDT
2025-08-11 22:47:13,689 | INFO |    Solo le tranche che compongono il 100% del saldo attuale
2025-08-11 22:48:30,939 | INFO | 🔄 Piazzando ordine: {'currency_pair': 'XNY_USDT', 'side': 'buy', 'amount': '1370.07884803', 'price': '0.0145977', 'type': 'limit'}
2025-08-11 22:48:31,205 | INFO | Errore di rete o API: 400 Client Error: Bad Request for url: https://api.gateio.ws/api/v4/spot/orders
2025-08-11 22:48:31,205 | INFO | Dettagli errore: {"label":"BALANCE_NOT_ENOUGH","message":"Not enough balance"}
2025-08-11 22:48:31,600 | INFO | 🔄 Piazzando ordine: {'currency_pair': 'XNY_USDT', 'side': 'sell', 'amount': '1370.07884803', 'price': '0.01509501', 'type': 'limit'}
2025-08-11 22:48:43,495 | INFO | 🔄 Piazzando ordine: {'currency_pair': 'XNY_USDT', 'side': 'buy', 'amount': '1373.27645222', 'price': '0.01456371', 'type': 'limit'}
2025-08-11 22:48:43,762 | INFO | Errore di rete o API: 400 Client Error: Bad Request for url: https://api.gateio.ws/api/v4/spot/orders
2025-08-11 22:48:43,762 | INFO | Dettagli errore: {"label":"BALANCE_NOT_ENOUGH","message":"Not enough balance"}
2025-08-11 22:48:44,030 | INFO | 🔄 Piazzando ordine: {'currency_pair': 'XNY_USDT', 'side': 'sell', 'amount': '1373.27645222', 'price': '0.01505986', 'type': 'limit'}
2025-08-11 22:48:55,938 | INFO | 🔄 Piazzando ordine: {'currency_pair': 'XNY_USDT', 'side': 'buy', 'amount': '1373.93588665', 'price': '0.01455672', 'type': 'limit'}
2025-08-11 22:48:56,199 | INFO | Errore di rete o API: 400 Client Error: Bad Request for url: https://api.gateio.ws/api/v4/spot/orders
2025-08-11 22:48:56,199 | INFO | Dettagli errore: {"label":"BALANCE_NOT_ENOUGH","message":"Not enough balance"}
2025-08-11 22:48:56,500 | INFO | 🔄 Piazzando ordine: {'currency_pair': 'XNY_USDT', 'side': 'sell', 'amount': '1373.93588665', 'price': '0.01505264', 'type': 'limit'}
2025-08-11 22:49:08,378 | INFO | 🔄 Piazzando ordine: {'currency_pair': 'XNY_USDT', 'side': 'buy', 'amount': '1374.69138178', 'price': '0.01454872', 'type': 'limit'}
2025-08-11 22:49:08,686 | INFO | Errore di rete o API: 400 Client Error: Bad Request for url: https://api.gateio.ws/api/v4/spot/orders
2025-08-11 22:49:08,686 | INFO | Dettagli errore: {"label":"BALANCE_NOT_ENOUGH","message":"Not enough balance"}
2025-08-11 22:49:08,993 | INFO | 🔄 Piazzando ordine: {'currency_pair': 'XNY_USDT', 'side': 'sell', 'amount': '1374.69138178', 'price': '0.01504436', 'type': 'limit'}
2025-08-11 22:49:09,300 | INFO | Errore di rete o API: 400 Client Error: Bad Request for url: https://api.gateio.ws/api/v4/spot/orders
2025-08-11 22:49:09,301 | INFO | Dettagli errore: {"label":"BALANCE_NOT_ENOUGH","message":"Not enough balance"}
2025-08-11 22:49:22,100 | INFO | 🔄 Piazzando ordine: {'currency_pair': 'XNY_USDT', 'side': 'buy', 'amount': '1376.20392039', 'price': '0.01453273', 'type': 'limit'}
2025-08-11 22:49:22,357 | INFO | Errore di rete o API: 400 Client Error: Bad Request for url: https://api.gateio.ws/api/v4/spot/orders
2025-08-11 22:49:22,357 | INFO | Dettagli errore: {"label":"BALANCE_NOT_ENOUGH","message":"Not enough balance"}
2025-08-11 22:49:22,635 | INFO | 🔄 Piazzando ordine: {'currency_pair': 'XNY_USDT', 'side': 'sell', 'amount': '1376.20392039', 'price': '0.01502783', 'type': 'limit'}
2025-08-11 22:49:22,893 | INFO | Errore di rete o API: 400 Client Error: Bad Request for url: https://api.gateio.ws/api/v4/spot/orders
2025-08-11 22:49:22,893 | INFO | Dettagli errore: {"label":"BALANCE_NOT_ENOUGH","message":"Not enough balance"}
2025-08-11 22:49:34,696 | INFO | 🔄 Piazzando ordine: {'currency_pair': 'XNY_USDT', 'side': 'buy', 'amount': '1381.52459528', 'price': '0.01447676', 'type': 'limit'}
2025-08-11 22:49:35,003 | INFO | Errore di rete o API: 400 Client Error: Bad Request for url: https://api.gateio.ws/api/v4/spot/orders
2025-08-11 22:49:35,003 | INFO | Dettagli errore: {"label":"BALANCE_NOT_ENOUGH","message":"Not enough balance"}
2025-08-11 22:49:35,262 | INFO | 🔄 Piazzando ordine: {'currency_pair': 'XNY_USDT', 'side': 'sell', 'amount': '1381.52459528', 'price': '0.01496995', 'type': 'limit'}
2025-08-11 22:49:35,527 | INFO | Errore di rete o API: 400 Client Error: Bad Request for url: https://api.gateio.ws/api/v4/spot/orders
2025-08-11 22:49:35,527 | INFO | Dettagli errore: {"label":"BALANCE_NOT_ENOUGH","message":"Not enough balance"}
2025-08-11 22:49:46,984 | INFO | 🔄 Piazzando ordine: {'currency_pair': 'XNY_USDT', 'side': 'buy', 'amount': '1395.59257907', 'price': '0.01433083', 'type': 'limit'}
2025-08-11 22:49:47,291 | INFO | Errore di rete o API: 400 Client Error: Bad Request for url: https://api.gateio.ws/api/v4/spot/orders
2025-08-11 22:49:47,291 | INFO | Dettagli errore: {"label":"BALANCE_NOT_ENOUGH","message":"Not enough balance"}
2025-08-11 22:49:47,623 | INFO | 🔄 Piazzando ordine: {'currency_pair': 'XNY_USDT', 'side': 'sell', 'amount': '1395.59257907', 'price': '0.01481905', 'type': 'limit'}
2025-08-11 22:49:47,882 | INFO | Errore di rete o API: 400 Client Error: Bad Request for url: https://api.gateio.ws/api/v4/spot/orders
2025-08-11 22:49:47,882 | INFO | Dettagli errore: {"label":"BALANCE_NOT_ENOUGH","message":"Not enough balance"}
2025-08-11 22:49:59,413 | INFO | 🔄 Piazzando ordine: {'currency_pair': 'XNY_USDT', 'side': 'buy', 'amount': '1399.00740424', 'price': '0.01429585', 'type': 'limit'}
2025-08-11 22:49:59,685 | INFO | Errore di rete o API: 400 Client Error: Bad Request for url: https://api.gateio.ws/api/v4/spot/orders
2025-08-11 22:49:59,685 | INFO | Dettagli errore: {"label":"BALANCE_NOT_ENOUGH","message":"Not enough balance"}
2025-08-11 22:49:59,987 | INFO | 🔄 Piazzando ordine: {'currency_pair': 'XNY_USDT', 'side': 'sell', 'amount': '1399.00740424', 'price': '0.01478288', 'type': 'limit'}
2025-08-11 22:50:00,254 | INFO | Errore di rete o API: 400 Client Error: Bad Request for url: https://api.gateio.ws/api/v4/spot/orders
2025-08-11 22:50:00,255 | INFO | Dettagli errore: {"label":"BALANCE_NOT_ENOUGH","message":"Not enough balance"}
2025-08-11 22:50:14,733 | INFO | 🔄 Piazzando ordine: {'currency_pair': 'XNY_USDT', 'side': 'buy', 'amount': '1398.90955', 'price': '0.01429685', 'type': 'limit'}
2025-08-11 22:50:15,005 | INFO | Errore di rete o API: 400 Client Error: Bad Request for url: https://api.gateio.ws/api/v4/spot/orders
2025-08-11 22:50:15,005 | INFO | Dettagli errore: {"label":"BALANCE_NOT_ENOUGH","message":"Not enough balance"}
2025-08-11 22:50:15,267 | INFO | 🔄 Piazzando ordine: {'currency_pair': 'XNY_USDT', 'side': 'sell', 'amount': '1398.90955', 'price': '0.01478391', 'type': 'limit'}
2025-08-11 22:50:15,532 | INFO | Errore di rete o API: 400 Client Error: Bad Request for url: https://api.gateio.ws/api/v4/spot/orders
2025-08-11 22:50:15,532 | INFO | Dettagli errore: {"label":"BALANCE_NOT_ENOUGH","message":"Not enough balance"}
2025-08-11 22:50:27,190 | INFO | 🔄 Piazzando ordine: {'currency_pair': 'XNY_USDT', 'side': 'buy', 'amount': '1399.2031538', 'price': '0.01429385', 'type': 'limit'}
2025-08-11 22:50:27,448 | INFO | Errore di rete o API: 400 Client Error: Bad Request for url: https://api.gateio.ws/api/v4/spot/orders
2025-08-11 22:50:27,448 | INFO | Dettagli errore: {"label":"BALANCE_NOT_ENOUGH","message":"Not enough balance"}
2025-08-11 22:50:27,707 | INFO | 🔄 Piazzando ordine: {'currency_pair': 'XNY_USDT', 'side': 'sell', 'amount': '1399.2031538', 'price': '0.01478081', 'type': 'limit'}
2025-08-11 22:50:27,964 | INFO | Errore di rete o API: 400 Client Error: Bad Request for url: https://api.gateio.ws/api/v4/spot/orders
2025-08-11 22:50:27,964 | INFO | Dettagli errore: {"label":"BALANCE_NOT_ENOUGH","message":"Not enough balance"}
2025-08-11 22:50:42,213 | INFO | 🔄 Piazzando ordine: {'currency_pair': 'XNY_USDT', 'side': 'buy', 'amount': '1399.5948173', 'price': '0.01428985', 'type': 'limit'}
2025-08-11 22:50:42,497 | INFO | Errore di rete o API: 400 Client Error: Bad Request for url: https://api.gateio.ws/api/v4/spot/orders
2025-08-11 22:50:42,498 | INFO | Dettagli errore: {"label":"BALANCE_NOT_ENOUGH","message":"Not enough balance"}
2025-08-11 22:50:42,792 | INFO | 🔄 Piazzando ordine: {'currency_pair': 'XNY_USDT', 'side': 'sell', 'amount': '1399.5948173', 'price': '0.01477667', 'type': 'limit'}
2025-08-11 22:50:43,099 | INFO | Errore di rete o API: 400 Client Error: Bad Request for url: https://api.gateio.ws/api/v4/spot/orders
2025-08-11 22:50:43,099 | INFO | Dettagli errore: {"label":"BALANCE_NOT_ENOUGH","message":"Not enough balance"}
2025-08-11 22:50:54,749 | INFO | 🔄 Piazzando ordine: {'currency_pair': 'XNY_USDT', 'side': 'buy', 'amount': '1405.09825852', 'price': '0.01423388', 'type': 'limit'}
2025-08-11 22:50:55,036 | INFO | Errore di rete o API: 400 Client Error: Bad Request for url: https://api.gateio.ws/api/v4/spot/orders
2025-08-11 22:50:55,036 | INFO | Dettagli errore: {"label":"BALANCE_NOT_ENOUGH","message":"Not enough balance"}
2025-08-11 22:50:55,304 | INFO | 🔄 Piazzando ordine: {'currency_pair': 'XNY_USDT', 'side': 'sell', 'amount': '1405.09825852', 'price': '0.0147188', 'type': 'limit'}
2025-08-11 22:50:55,562 | INFO | Errore di rete o API: 400 Client Error: Bad Request for url: https://api.gateio.ws/api/v4/spot/orders
2025-08-11 22:50:55,562 | INFO | Dettagli errore: {"label":"BALANCE_NOT_ENOUGH","message":"Not enough balance"}
2025-08-11 22:51:07,208 | INFO | 🔄 Piazzando ordine: {'currency_pair': 'XNY_USDT', 'side': 'buy', 'amount': '1406.08610308', 'price': '0.01422388', 'type': 'limit'}
2025-08-11 22:51:07,516 | INFO | Errore di rete o API: 400 Client Error: Bad Request for url: https://api.gateio.ws/api/v4/spot/orders
2025-08-11 22:51:07,516 | INFO | Dettagli errore: {"label":"BALANCE_NOT_ENOUGH","message":"Not enough balance"}
2025-08-11 22:51:07,818 | INFO | 🔄 Piazzando ordine: {'currency_pair': 'XNY_USDT', 'side': 'sell', 'amount': '1406.08610308', 'price': '0.01470846', 'type': 'limit'}
2025-08-11 22:51:08,077 | INFO | Errore di rete o API: 400 Client Error: Bad Request for url: https://api.gateio.ws/api/v4/spot/orders
2025-08-11 22:51:08,077 | INFO | Dettagli errore: {"label":"BALANCE_NOT_ENOUGH","message":"Not enough balance"}
2025-08-11 22:51:19,759 | INFO | 🔄 Piazzando ordine: {'currency_pair': 'XNY_USDT', 'side': 'buy', 'amount': '1406.57955719', 'price': '0.01421889', 'type': 'limit'}
2025-08-11 22:51:20,023 | INFO | Errore di rete o API: 400 Client Error: Bad Request for url: https://api.gateio.ws/api/v4/spot/orders
2025-08-11 22:51:20,023 | INFO | Dettagli errore: {"label":"BALANCE_NOT_ENOUGH","message":"Not enough balance"}
2025-08-11 22:51:20,325 | INFO | 🔄 Piazzando ordine: {'currency_pair': 'XNY_USDT', 'side': 'sell', 'amount': '1406.57955719', 'price': '0.0147033', 'type': 'limit'}
2025-08-11 22:51:20,590 | INFO | Errore di rete o API: 400 Client Error: Bad Request for url: https://api.gateio.ws/api/v4/spot/orders
2025-08-11 22:51:20,590 | INFO | Dettagli errore: {"label":"BALANCE_NOT_ENOUGH","message":"Not enough balance"}
2025-08-11 22:51:34,732 | INFO | 🔄 Piazzando ordine: {'currency_pair': 'XNY_USDT', 'side': 'buy', 'amount': '1406.48064084', 'price': '0.01421989', 'type': 'limit'}
2025-08-11 22:51:34,991 | INFO | Errore di rete o API: 400 Client Error: Bad Request for url: https://api.gateio.ws/api/v4/spot/orders
2025-08-11 22:51:34,991 | INFO | Dettagli errore: {"label":"BALANCE_NOT_ENOUGH","message":"Not enough balance"}
2025-08-11 22:51:35,294 | INFO | 🔄 Piazzando ordine: {'currency_pair': 'XNY_USDT', 'side': 'sell', 'amount': '1406.48064084', 'price': '0.01470433', 'type': 'limit'}
2025-08-11 22:51:35,569 | INFO | Errore di rete o API: 400 Client Error: Bad Request for url: https://api.gateio.ws/api/v4/spot/orders
2025-08-11 22:51:35,569 | INFO | Dettagli errore: {"label":"BALANCE_NOT_ENOUGH","message":"Not enough balance"}
2025-08-11 22:51:47,177 | INFO | 🔄 Piazzando ordine: {'currency_pair': 'XNY_USDT', 'side': 'buy', 'amount': '1406.08610308', 'price': '0.01422388', 'type': 'limit'}
2025-08-11 22:51:47,441 | INFO | Errore di rete o API: 400 Client Error: Bad Request for url: https://api.gateio.ws/api/v4/spot/orders
2025-08-11 22:51:47,441 | INFO | Dettagli errore: {"label":"BALANCE_NOT_ENOUGH","message":"Not enough balance"}
2025-08-11 22:51:47,768 | INFO | 🔄 Piazzando ordine: {'currency_pair': 'XNY_USDT', 'side': 'sell', 'amount': '1406.08610308', 'price': '0.01470846', 'type': 'limit'}
2025-08-11 22:51:59,709 | INFO | 🔄 Piazzando ordine: {'currency_pair': 'XNY_USDT', 'side': 'buy', 'amount': '1405.09825852', 'price': '0.01423388', 'type': 'limit'}
2025-08-11 22:51:59,986 | INFO | Errore di rete o API: 400 Client Error: Bad Request for url: https://api.gateio.ws/api/v4/spot/orders
2025-08-11 22:51:59,987 | INFO | Dettagli errore: {"label":"BALANCE_NOT_ENOUGH","message":"Not enough balance"}
2025-08-11 22:52:00,280 | INFO | 🔄 Piazzando ordine: {'currency_pair': 'XNY_USDT', 'side': 'sell', 'amount': '1405.09825852', 'price': '0.0147188', 'type': 'limit'}
2025-08-11 22:52:12,198 | INFO | 🔄 Piazzando ordine: {'currency_pair': 'XNY_USDT', 'side': 'buy', 'amount': '1405.09825852', 'price': '0.01423388', 'type': 'limit'}
2025-08-11 22:52:12,461 | INFO | Errore di rete o API: 400 Client Error: Bad Request for url: https://api.gateio.ws/api/v4/spot/orders
2025-08-11 22:52:12,461 | INFO | Dettagli errore: {"label":"BALANCE_NOT_ENOUGH","message":"Not enough balance"}
2025-08-11 22:52:12,720 | INFO | 🔄 Piazzando ordine: {'currency_pair': 'XNY_USDT', 'side': 'sell', 'amount': '1405.09825852', 'price': '0.0147188', 'type': 'limit'}
2025-08-11 22:52:24,612 | INFO | 🔄 Piazzando ordine: {'currency_pair': 'XNY_USDT', 'side': 'buy', 'amount': '1404.01421704', 'price': '0.01424487', 'type': 'limit'}
2025-08-11 22:52:24,873 | INFO | Errore di rete o API: 400 Client Error: Bad Request for url: https://api.gateio.ws/api/v4/spot/orders
2025-08-11 22:52:24,873 | INFO | Dettagli errore: {"label":"BALANCE_NOT_ENOUGH","message":"Not enough balance"}
2025-08-11 22:52:25,236 | INFO | 🔄 Piazzando ordine: {'currency_pair': 'XNY_USDT', 'side': 'sell', 'amount': '1404.01421704', 'price': '0.01473016', 'type': 'limit'}
2025-08-11 23:48:05,112 | INFO | Dati portafoglio recuperati dall'API:
2025-08-11 23:48:05,112 | INFO |    Saldo attuale: 753.500000
2025-08-11 23:48:05,113 | INFO |    Tranche attive: 4 di 78 totali
2025-08-11 23:48:05,113 | INFO |    Capitale investito (tranche attive): 101.93 USDT
2025-08-11 23:48:05,113 | INFO |    Solo le tranche che compongono il 100% del saldo attuale
2025-08-11 23:48:48,691 | INFO | 
➕ AGGIUNGI COIN A WALLET
2025-08-11 23:48:48,691 | INFO | ==============================
2025-08-11 23:48:48,691 | INFO | 💡 Inserisci il simbolo della coin senza '_USDT'
2025-08-11 23:48:48,691 | INFO | 💡 Esempio: BTC, ETH, ADA, SOL, etc.
2025-08-11 23:48:48,691 | INFO | 
2025-08-11 23:49:03,531 | INFO | 🔍 Verifico disponibilità di XNY_USDT su Gate.io...
2025-08-11 23:49:04,592 | INFO | ✅ XNY_USDT trovata e disponibile!
2025-08-11 23:49:04,592 | INFO | 💰 Prezzo attuale: 0.01610000 USDT
2025-08-11 23:49:16,895 | INFO | Usando dati manuali (API non disponibile)
2025-08-11 23:50:20,182 | INFO | Dati portafoglio recuperati dall'API:
2025-08-11 23:50:20,182 | INFO |    Saldo attuale: 508.500000
2025-08-11 23:50:20,182 | INFO |    Tranche attive: 1 di 7 totali
2025-08-11 23:50:20,182 | INFO |    Capitale investito (tranche attive): 8.15 USDT
2025-08-11 23:50:20,182 | INFO |    Solo le tranche che compongono il 100% del saldo attuale
2025-08-11 23:51:22,126 | ERROR | ❌ ERRORE SISTEMA: float division by zero
2025-08-11 23:51:23,127 | ERROR | ❌ ERRORE SISTEMA: float division by zero
2025-08-11 23:51:24,127 | ERROR | ❌ ERRORE SISTEMA: float division by zero
2025-08-11 23:51:25,127 | ERROR | ❌ ERRORE SISTEMA: float division by zero
2025-08-11 23:57:04,665 | INFO | Dati portafoglio recuperati dall'API:
2025-08-11 23:57:04,665 | INFO |    Saldo attuale: 508.500000
2025-08-11 23:57:04,665 | INFO |    Tranche attive: 1 di 7 totali
2025-08-11 23:57:04,665 | INFO |    Capitale investito (tranche attive): 8.15 USDT
2025-08-11 23:57:04,665 | INFO |    Solo le tranche che compongono il 100% del saldo attuale
2025-08-11 23:58:35,820 | INFO | Dati portafoglio recuperati dall'API:
2025-08-11 23:58:35,821 | INFO |    Saldo attuale: 508.500000
2025-08-11 23:58:35,821 | INFO |    Tranche attive: 1 di 7 totali
2025-08-11 23:58:35,821 | INFO |    Capitale investito (tranche attive): 8.15 USDT
2025-08-11 23:58:35,821 | INFO |    Solo le tranche che compongono il 100% del saldo attuale
